mode: atomic
polimane/backend/services/workos/authenticate_with_access_token.go:20.110,22.16 2 11
polimane/backend/services/workos/authenticate_with_access_token.go:22.16,24.3 1 1
polimane/backend/services/workos/authenticate_with_access_token.go:26.2,27.16 2 7
polimane/backend/services/workos/authenticate_with_access_token.go:27.16,29.3 1 1
polimane/backend/services/workos/authenticate_with_access_token.go:31.2,38.16 2 6
polimane/backend/services/workos/authenticate_with_access_token.go:38.16,39.56 1 4
polimane/backend/services/workos/authenticate_with_access_token.go:39.56,41.4 1 1
polimane/backend/services/workos/authenticate_with_access_token.go:43.3,43.18 1 3
polimane/backend/services/workos/authenticate_with_access_token.go:46.2,49.52 3 2
polimane/backend/services/workos/authenticate_with_access_token.go:49.52,51.3 1 1
polimane/backend/services/workos/authenticate_with_access_token.go:53.2,56.8 1 1
polimane/backend/services/workos/client.go:33.45,43.2 3 0
polimane/backend/services/workos/get_error_code.go:18.59,20.74 2 13
polimane/backend/services/workos/get_error_code.go:20.74,22.3 1 6
polimane/backend/services/workos/get_error_code.go:23.2,23.24 1 7
polimane/backend/services/workos/get_error_code.go:23.24,25.3 1 4
polimane/backend/services/workos/get_error_code.go:26.2,26.21 1 3
polimane/backend/services/workos/mfa.go:15.26,17.2 1 2
polimane/backend/services/workos/user_management.go:25.48,27.2 1 13
